<?xml version="1.0" encoding="UTF-8"?>
<testng-results skipped="0" failed="0" total="1" passed="1">
  <reporter-output>
  </reporter-output>
  <suite name="Default suite" duration-ms="66723" started-at="2018-06-25T10:46:12Z" finished-at="2018-06-25T10:47:19Z">
    <groups>
    </groups>
    <test name="Default test" duration-ms="66723" started-at="2018-06-25T10:46:12Z" finished-at="2018-06-25T10:47:19Z">
      <class name="example.org.MavenProj1.BookTest">
        <test-method status="PASS" signature="beforeTest()[pri:0, instance:example.org.MavenProj1.BookTest@26653222]" name="beforeTest" is-config="true" duration-ms="27613" started-at="2018-06-25T16:16:12Z" finished-at="2018-06-25T16:16:40Z">
          <reporter-output>
          </reporter-output>
        </test-method> <!-- beforeTest -->
        <test-method status="PASS" signature="login(java.lang.String, java.lang.String)[pri:0, instance:example.org.MavenProj1.BookTest@26653222]" name="login" duration-ms="38318" started-at="2018-06-25T16:16:41Z" data-provider="logindata" finished-at="2018-06-25T16:17:19Z">
          <params>
            <param index="0">
              <value>
                <![CDATA[invalidUN]]>
              </value>
            </param>
            <param index="1">
              <value>
                <![CDATA[invalidPW]]>
              </value>
            </param>
          </params>
          <reporter-output>
          </reporter-output>
        </test-method> <!-- login -->
        <test-method status="PASS" signature="afterTest()[pri:0, instance:example.org.MavenProj1.BookTest@26653222]" name="afterTest" is-config="true" duration-ms="0" started-at="2018-06-25T16:17:19Z" finished-at="2018-06-25T16:17:19Z">
          <reporter-output>
          </reporter-output>
        </test-method> <!-- afterTest -->
      </class> <!-- example.org.MavenProj1.BookTest -->
    </test> <!-- Default test -->
  </suite> <!-- Default suite -->
</testng-results>
